# JRE version: OpenJDK Runtime Environment (8.0_292-b10) (build 1.8.0_292-b10)
# Java VM: OpenJDK 64-Bit Server VM (25.292-b10 mixed mode linux-amd64 compressed oops)
Heap:
 PSYoungGen      total 220160K, used 84793K [0x00000000f0000000, 0x0000000100000000, 0x0000000100000000)
  eden space 176128K, 36% used [0x00000000f0000000,0x00000000f3f362e0,0x00000000fac00000)
  from space 44032K, 45% used [0x00000000fd500000,0x00000000fe8981b0,0x0000000100000000)
  to   space 41984K, 0% used [0x00000000fac00000,0x00000000fac00000,0x00000000fd500000)
 ParOldGen       total 524288K, used 74117K [0x00000000d0000000, 0x00000000f0000000, 0x00000000f0000000)
  object space 524288K, 14% used [0x00000000d0000000,0x00000000d4861600,0x00000000f0000000)
 Metaspace       used 64963K, capacity 67113K, committed 67240K, reserved 1107968K
  class space    used 8319K, capacity 9076K, committed 9136K, reserved 1048576K
GC Heap History (10 events):
Event: 29,840 GC heap before
{Heap before GC invocations=23 (full 3):
 PSYoungGen      total 204800K, used 36861K [0x00000000f0000000, 0x0000000100000000, 0x0000000100000000)
  eden space 167936K, 0% used [0x00000000f0000000,0x00000000f0000000,0x00000000fa400000)
  from space 36864K, 99% used [0x00000000fdc00000,0x00000000fffff498,0x0000000100000000)
  to   space 47104K, 0% used [0x00000000fa400000,0x00000000fa400000,0x00000000fd200000)
 ParOldGen       total 524288K, used 41764K [0x00000000d0000000, 0x00000000f0000000, 0x00000000f0000000)
  object space 524288K, 7% used [0x00000000d0000000,0x00000000d28c92d8,0x00000000f0000000)
 Metaspace       used 58072K, capacity 59057K, committed 59160K, reserved 1101824K
  class space    used 7303K, capacity 7539K, committed 7600K, reserved 1048576K
Event: 29,992 GC heap after
Heap after GC invocations=23 (full 3):
 PSYoungGen      total 204800K, used 0K [0x00000000f0000000, 0x0000000100000000, 0x0000000100000000)
  eden space 167936K, 0% used [0x00000000f0000000,0x00000000f0000000,0x00000000fa400000)
  from space 36864K, 0% used [0x00000000fdc00000,0x00000000fdc00000,0x0000000100000000)
  to   space 47104K, 0% used [0x00000000fa400000,0x00000000fa400000,0x00000000fd200000)
 ParOldGen       total 524288K, used 74085K [0x00000000d0000000, 0x00000000f0000000, 0x00000000f0000000)
  object space 524288K, 14% used [0x00000000d0000000,0x00000000d4859600,0x00000000f0000000)
 Metaspace       used 58072K, capacity 59057K, committed 59160K, reserved 1101824K
  class space    used 7303K, capacity 7539K, committed 7600K, reserved 1048576K
}
Event: 38,450 GC heap before
{Heap before GC invocations=24 (full 3):
 PSYoungGen      total 204800K, used 167936K [0x00000000f0000000, 0x0000000100000000, 0x0000000100000000)
  eden space 167936K, 100% used [0x00000000f0000000,0x00000000fa400000,0x00000000fa400000)
  from space 36864K, 0% used [0x00000000fdc00000,0x00000000fdc00000,0x0000000100000000)
  to   space 47104K, 0% used [0x00000000fa400000,0x00000000fa400000,0x00000000fd200000)
 ParOldGen       total 524288K, used 74085K [0x00000000d0000000, 0x00000000f0000000, 0x00000000f0000000)
  object space 524288K, 14% used [0x00000000d0000000,0x00000000d4859600,0x00000000f0000000)
 Metaspace       used 60125K, capacity 61253K, committed 61480K, reserved 1103872K
  class space    used 7607K, capacity 7894K, committed 7984K, reserved 1048576K
Event: 38,453 GC heap after
Heap after GC invocations=24 (full 3):
 PSYoungGen      total 174592K, used 6452K [0x00000000f0000000, 0x0000000100000000, 0x0000000100000000)
  eden space 167936K, 0% used [0x00000000f0000000,0x00000000f0000000,0x00000000fa400000)
  from space 6656K, 96% used [0x00000000fa400000,0x00000000faa4d288,0x00000000faa80000)
  to   space 47616K, 0% used [0x00000000fd180000,0x00000000fd180000,0x0000000100000000)
 ParOldGen       total 524288K, used 74093K [0x00000000d0000000, 0x00000000f0000000, 0x00000000f0000000)
  object space 524288K, 14% used [0x00000000d0000000,0x00000000d485b600,0x00000000f0000000)
 Metaspace       used 60125K, capacity 61253K, committed 61480K, reserved 1103872K
  class space    used 7607K, capacity 7894K, committed 7984K, reserved 1048576K
}
Event: 38,718 GC heap before
{Heap before GC invocations=25 (full 3):
 PSYoungGen      total 174592K, used 174388K [0x00000000f0000000, 0x0000000100000000, 0x0000000100000000)
  eden space 167936K, 100% used [0x00000000f0000000,0x00000000fa400000,0x00000000fa400000)
  from space 6656K, 96% used [0x00000000fa400000,0x00000000faa4d288,0x00000000faa80000)
  to   space 47616K, 0% used [0x00000000fd180000,0x00000000fd180000,0x0000000100000000)
 ParOldGen       total 524288K, used 74093K [0x00000000d0000000, 0x00000000f0000000, 0x00000000f0000000)
  object space 524288K, 14% used [0x00000000d0000000,0x00000000d485b600,0x00000000f0000000)
 Metaspace       used 61297K, capacity 62547K, committed 62760K, reserved 1103872K
  class space    used 7831K, capacity 8229K, committed 8240K, reserved 1048576K
Event: 38,723 GC heap after
Heap after GC invocations=25 (full 3):
 PSYoungGen      total 215552K, used 10187K [0x00000000f0000000, 0x0000000100000000, 0x0000000100000000)
  eden space 167936K, 0% used [0x00000000f0000000,0x00000000f0000000,0x00000000fa400000)
  from space 47616K, 21% used [0x00000000fd180000,0x00000000fdb72fa0,0x0000000100000000)
  to   space 46592K, 0% used [0x00000000fa400000,0x00000000fa400000,0x00000000fd180000)
 ParOldGen       total 524288K, used 74101K [0x00000000d0000000, 0x00000000f0000000, 0x00000000f0000000)
  object space 524288K, 14% used [0x00000000d0000000,0x00000000d485d600,0x00000000f0000000)
 Metaspace       used 61297K, capacity 62547K, committed 62760K, reserved 1103872K
  class space    used 7831K, capacity 8229K, committed 8240K, reserved 1048576K
}
Event: 53,777 GC heap before
{Heap before GC invocations=26 (full 3):
 PSYoungGen      total 215552K, used 178073K [0x00000000f0000000, 0x0000000100000000, 0x0000000100000000)
  eden space 167936K, 99% used [0x00000000f0000000,0x00000000fa3f37b8,0x00000000fa400000)
  from space 47616K, 21% used [0x00000000fd180000,0x00000000fdb72fa0,0x0000000100000000)
  to   space 46592K, 0% used [0x00000000fa400000,0x00000000fa400000,0x00000000fd180000)
 ParOldGen       total 524288K, used 74101K [0x00000000d0000000, 0x00000000f0000000, 0x00000000f0000000)
  object space 524288K, 14% used [0x00000000d0000000,0x00000000d485d600,0x00000000f0000000)
 Metaspace       used 62366K, capacity 64223K, committed 64296K, reserved 1105920K
  class space    used 8075K, capacity 8727K, committed 8752K, reserved 1048576K
Event: 53,784 GC heap after
Heap after GC invocations=26 (full 3):
 PSYoungGen      total 214528K, used 20467K [0x00000000f0000000, 0x0000000100000000, 0x0000000100000000)
  eden space 167936K, 0% used [0x00000000f0000000,0x00000000f0000000,0x00000000fa400000)
  from space 46592K, 43% used [0x00000000fa400000,0x00000000fb7fce88,0x00000000fd180000)
  to   space 44032K, 0% used [0x00000000fd500000,0x00000000fd500000,0x0000000100000000)
 ParOldGen       total 524288K, used 74109K [0x00000000d0000000, 0x00000000f0000000, 0x00000000f0000000)
  object space 524288K, 14% used [0x00000000d0000000,0x00000000d485f600,0x00000000f0000000)
 Metaspace       used 62366K, capacity 64223K, committed 64296K, reserved 1105920K
  class space    used 8075K, capacity 8727K, committed 8752K, reserved 1048576K
}
Event: 334,269 GC heap before
{Heap before GC invocations=27 (full 3):
 PSYoungGen      total 214528K, used 188403K [0x00000000f0000000, 0x0000000100000000, 0x0000000100000000)
  eden space 167936K, 100% used [0x00000000f0000000,0x00000000fa400000,0x00000000fa400000)
  from space 46592K, 43% used [0x00000000fa400000,0x00000000fb7fce88,0x00000000fd180000)
  to   space 44032K, 0% used [0x00000000fd500000,0x00000000fd500000,0x0000000100000000)
 ParOldGen       total 524288K, used 74109K [0x00000000d0000000, 0x00000000f0000000, 0x00000000f0000000)
  object space 524288K, 14% used [0x00000000d0000000,0x00000000d485f600,0x00000000f0000000)
 Metaspace       used 64642K, capacity 66801K, committed 66984K, reserved 1107968K
  class space    used 8306K, capacity 9040K, committed 9136K, reserved 1048576K
Event: 334,274 GC heap after
Heap after GC invocations=27 (full 3):
 PSYoungGen      total 220160K, used 20064K [0x00000000f0000000, 0x0000000100000000, 0x0000000100000000)
  eden space 176128K, 0% used [0x00000000f0000000,0x00000000f0000000,0x00000000fac00000)
  from space 44032K, 45% used [0x00000000fd500000,0x00000000fe8981b0,0x0000000100000000)
  to   space 41984K, 0% used [0x00000000fac00000,0x00000000fac00000,0x00000000fd500000)
 ParOldGen       total 524288K, used 74117K [0x00000000d0000000, 0x00000000f0000000, 0x00000000f0000000)
  object space 524288K, 14% used [0x00000000d0000000,0x00000000d4861600,0x00000000f0000000)
 Metaspace       used 64642K, capacity 66801K, committed 66984K, reserved 1107968K
  class space    used 8306K, capacity 9040K, committed 9136K, reserved 1048576K
}

